D:\Desktop\EIPF\Debug\Fill.exe
D:\Desktop\EIPF\Debug\Fill.ilk
D:\Desktop\EIPF\Debug\Fill.pdb
D:\Desktop\EIPF\Fill\Debug\cl.command.1.tlog
D:\Desktop\EIPF\Fill\Debug\CL.read.1.tlog
D:\Desktop\EIPF\Fill\Debug\CL.write.1.tlog
D:\Desktop\EIPF\Fill\Debug\Fill.exe.intermediate.manifest
D:\Desktop\EIPF\Fill\Debug\Fill.write.1.tlog
D:\Desktop\EIPF\Fill\Debug\link.command.1.tlog
D:\Desktop\EIPF\Fill\Debug\link.read.1.tlog
D:\Desktop\EIPF\Fill\Debug\link.write.1.tlog
D:\Desktop\EIPF\Fill\Debug\mt.command.1.tlog
D:\Desktop\EIPF\Fill\Debug\mt.read.1.tlog
D:\Desktop\EIPF\Fill\Debug\mt.write.1.tlog
D:\Desktop\EIPF\Fill\Debug\PriorityFill.obj
D:\Desktop\EIPF\Fill\Debug\RasterReadWrite.obj
D:\Desktop\EIPF\Fill\Debug\ShellMain.obj
D:\Desktop\EIPF\Fill\Debug\vc100.idb
D:\Desktop\EIPF\Fill\Debug\vc100.pdb
D:\DESKTOP\PARALLELCOMPUTER\FILL\DEBUG\FILL.EXE
D:\Desktop\ParallelComputer\Fill\Debug\Fill.exp
D:\DESKTOP\PARALLELCOMPUTER\FILL\DEBUG\FILL.ILK
D:\Desktop\ParallelComputer\Fill\Debug\Fill.lib
D:\DESKTOP\PARALLELCOMPUTER\FILL\DEBUG\FILL.PDB
D:\DESKTOP\PARALLELCOMPUTER\FILL\FILL\DEBUG\FILL.EXE.INTERMEDIATE.MANIFEST
D:\DESKTOP\PARALLELCOMPUTER\FILL\FILL\DEBUG\PRIORITYFILL.OBJ
D:\DESKTOP\PARALLELCOMPUTER\FILL\FILL\DEBUG\RASTERREADWRITE.OBJ
D:\DESKTOP\PARALLELCOMPUTER\FILL\FILL\DEBUG\SHELLMAIN.OBJ
D:\DESKTOP\PARALLELCOMPUTER\FILL\FILL\DEBUG\VC100.PDB
