生成启动时间为 2018/3/2 10:08:52。
     1>项目“C:\EIPF\EIPF\Fill\Fill.vcxproj”在节点 2 上(build 个目标)。
     1>InitializeBuildStatus:
         正在对“Debug\Fill.unsuccessfulbuild”执行 Touch 任务。
       ClCompile:
         C:\Program Files (x86)\Microsoft Visual Studio 10.0\VC\bin\CL.exe /c /ID:\GDAL\include /ZI /nologo /W3 /WX- /Od /Oy- /D _MBCS /Gm /EHsc /RTC1 /MDd /GS /fp:precise /Zc:wchar_t /Zc:forScope /Fo"Debug\\" /Fd"Debug\vc100.pdb" /Gd /TP /analyze- /errorReport:prompt ..\PriorityFill.cpp ..\RasterReadWrite.cpp ..\ShellMain.cpp
         ShellMain.cpp
     1>d:\gdal\include\cpl_string.h(284): warning C4251: “std::_String_val<_Elem,_Alloc>::_Alval”: class“std::allocator<_Ty>”需要有 dll 接口由 class“std::_String_val<_Elem,_Alloc>”的客户端使用
                 with
                 [
                     _Elem=char,
                     _Alloc=std::allocator<char>
                 ]
                 and
                 [
                     _Ty=char
                 ]
                 and
                 [
                     _Elem=char,
                     _Alloc=std::allocator<char>
                 ]
     1>d:\gdal\include\gdal_priv.h(663): warning C4251: “GDALColorTable::aoEntries”: class“std::vector<_Ty>”需要有 dll 接口由 class“GDALColorTable”的客户端使用
                 with
                 [
                     _Ty=GDALColorEntry
                 ]
     1>d:\gdal\include\gdal_priv.h(1142): warning C4251: “GDALDriverManager::oMapNameToDrivers”: class“std::map<_Kty,_Ty>”需要有 dll 接口由 class“GDALDriverManager”的客户端使用
                 with
                 [
                     _Kty=CPLString,
                     _Ty=GDALDriver *
                 ]
     1>c:\eipf\eipf\flagdata.h(23): warning C4244: “=”: 从“float”转换到“char”，可能丢失数据
     1>c:\eipf\eipf\shellmain.cpp(18): warning C4996: 'strcpy': This function or variable may be unsafe. Consider using strcpy_s instead. To disable deprecation, use _CRT_SECURE_NO_WARNINGS. See online help for details.
                 c:\program files (x86)\microsoft visual studio 10.0\vc\include\string.h(105) : 参见“strcpy”的声明
     1>c:\eipf\eipf\shellmain.cpp(19): warning C4996: 'strcpy': This function or variable may be unsafe. Consider using strcpy_s instead. To disable deprecation, use _CRT_SECURE_NO_WARNINGS. See online help for details.
                 c:\program files (x86)\microsoft visual studio 10.0\vc\include\string.h(105) : 参见“strcpy”的声明
     1>c:\eipf\eipf\shellmain.cpp(20): warning C4996: 'strcpy': This function or variable may be unsafe. Consider using strcpy_s instead. To disable deprecation, use _CRT_SECURE_NO_WARNINGS. See online help for details.
                 c:\program files (x86)\microsoft visual studio 10.0\vc\include\string.h(105) : 参见“strcpy”的声明
     1>c:\eipf\eipf\shellmain.cpp(21): warning C4996: 'strcpy': This function or variable may be unsafe. Consider using strcpy_s instead. To disable deprecation, use _CRT_SECURE_NO_WARNINGS. See online help for details.
                 c:\program files (x86)\microsoft visual studio 10.0\vc\include\string.h(105) : 参见“strcpy”的声明
     1>c:\eipf\eipf\shellmain.cpp(23): warning C4996: 'strcpy': This function or variable may be unsafe. Consider using strcpy_s instead. To disable deprecation, use _CRT_SECURE_NO_WARNINGS. See online help for details.
                 c:\program files (x86)\microsoft visual studio 10.0\vc\include\string.h(105) : 参见“strcpy”的声明
         RasterReadWrite.cpp
     1>d:\gdal\include\cpl_string.h(284): warning C4251: “std::_String_val<_Elem,_Alloc>::_Alval”: class“std::allocator<_Ty>”需要有 dll 接口由 class“std::_String_val<_Elem,_Alloc>”的客户端使用
                 with
                 [
                     _Elem=char,
                     _Alloc=std::allocator<char>
                 ]
                 and
                 [
                     _Ty=char
                 ]
                 and
                 [
                     _Elem=char,
                     _Alloc=std::allocator<char>
                 ]
     1>d:\gdal\include\gdal_priv.h(663): warning C4251: “GDALColorTable::aoEntries”: class“std::vector<_Ty>”需要有 dll 接口由 class“GDALColorTable”的客户端使用
                 with
                 [
                     _Ty=GDALColorEntry
                 ]
     1>d:\gdal\include\gdal_priv.h(1142): warning C4251: “GDALDriverManager::oMapNameToDrivers”: class“std::map<_Kty,_Ty>”需要有 dll 接口由 class“GDALDriverManager”的客户端使用
                 with
                 [
                     _Kty=CPLString,
                     _Ty=GDALDriver *
                 ]
     1>c:\eipf\eipf\rasterreadwrite.cpp(126): warning C4551: 缺少参数列表的函数调用
         PriorityFill.cpp
     1>d:\gdal\include\cpl_string.h(284): warning C4251: “std::_String_val<_Elem,_Alloc>::_Alval”: class“std::allocator<_Ty>”需要有 dll 接口由 class“std::_String_val<_Elem,_Alloc>”的客户端使用
                 with
                 [
                     _Elem=char,
                     _Alloc=std::allocator<char>
                 ]
                 and
                 [
                     _Ty=char
                 ]
                 and
                 [
                     _Elem=char,
                     _Alloc=std::allocator<char>
                 ]
     1>d:\gdal\include\gdal_priv.h(663): warning C4251: “GDALColorTable::aoEntries”: class“std::vector<_Ty>”需要有 dll 接口由 class“GDALColorTable”的客户端使用
                 with
                 [
                     _Ty=GDALColorEntry
                 ]
     1>d:\gdal\include\gdal_priv.h(1142): warning C4251: “GDALDriverManager::oMapNameToDrivers”: class“std::map<_Kty,_Ty>”需要有 dll 接口由 class“GDALDriverManager”的客户端使用
                 with
                 [
                     _Kty=CPLString,
                     _Ty=GDALDriver *
                 ]
     1>c:\eipf\eipf\flagdata.h(23): warning C4244: “=”: 从“float”转换到“char”，可能丢失数据
     1>c:\eipf\eipf\priorityfill.cpp(528): warning C4996: 'localtime': This function or variable may be unsafe. Consider using localtime_s instead. To disable deprecation, use _CRT_SECURE_NO_WARNINGS. See online help for details.
                 c:\program files (x86)\microsoft visual studio 10.0\vc\include\time.inl(112) : 参见“localtime”的声明
     1>c:\eipf\eipf\priorityfill.cpp(531): warning C4996: 'fopen': This function or variable may be unsafe. Consider using fopen_s instead. To disable deprecation, use _CRT_SECURE_NO_WARNINGS. See online help for details.
                 c:\program files (x86)\microsoft visual studio 10.0\vc\include\stdio.h(234) : 参见“fopen”的声明
         正在生成代码...
       Link:
         C:\Program Files (x86)\Microsoft Visual Studio 10.0\VC\bin\link.exe /ERRORREPORT:PROMPT /OUT:"C:\EIPF\EIPF\Debug\Fill.exe" /NOLOGO /LIBPATH:D:\GDAL\lib kernel32.lib user32.lib gdi32.lib winspool.lib comdlg32.lib advapi32.lib shell32.lib ole32.lib oleaut32.lib uuid.lib odbc32.lib odbccp32.lib /MANIFEST /ManifestFile:"Debug\Fill.exe.intermediate.manifest" /MANIFESTUAC:"level='asInvoker' uiAccess='false'" /DEBUG /PDB:"C:\EIPF\EIPF\Debug\Fill.pdb" /TLBID:1 /DYNAMICBASE /NXCOMPAT /IMPLIB:"C:\EIPF\EIPF\Debug\Fill.lib" /MACHINE:X86 Debug\PriorityFill.obj
         Debug\RasterReadWrite.obj
         Debug\ShellMain.obj
            正在创建库 C:\EIPF\EIPF\Debug\Fill.lib 和对象 C:\EIPF\EIPF\Debug\Fill.exp
         Fill.vcxproj -> C:\EIPF\EIPF\Debug\Fill.exe
       Manifest:
         C:\Program Files (x86)\Microsoft SDKs\Windows\v7.0A\bin\mt.exe /nologo /verbose /outputresource:"C:\EIPF\EIPF\Debug\Fill.exe;#1" /manifest Debug\Fill.exe.intermediate.manifest
       FinalizeBuildStatus:
         正在删除文件“Debug\Fill.unsuccessfulbuild”。
         正在对“Debug\Fill.lastbuildstate”执行 Touch 任务。
     1>已完成生成项目“C:\EIPF\EIPF\Fill\Fill.vcxproj”(build 个目标)的操作。

生成成功。

已用时间 00:00:03.14
